2018-06-07 10:57:20,580 INFO Random trials
2018-06-07 10:57:20,580 INFO Trial 1 : Episode finished after 14 timesteps
2018-06-07 10:57:20,580 INFO rewards_epidosde.shape(14, 1)
2018-06-07 10:57:20,580 INFO rewards_epidosde[14. 13. 12. 11. 10.  9.  8.  7.  6.  5.  4.  3.  2.  1.]
2018-06-07 10:57:20,580 INFO Random trials
2018-06-07 10:57:20,580 INFO Trial 2 : Episode finished after 9 timesteps
2018-06-07 10:57:20,580 INFO rewards_epidosde.shape(9, 1)
2018-06-07 10:57:20,580 INFO rewards_epidosde[9. 8. 7. 6. 5. 4. 3. 2. 1.]
2018-06-07 10:57:20,580 INFO Random trials
2018-06-07 10:57:20,580 INFO Trial 3 : Episode finished after 26 timesteps
2018-06-07 10:57:20,580 INFO rewards_epidosde.shape(26, 1)
2018-06-07 10:57:20,580 INFO rewards_epidosde[26. 25. 24. 23. 22. 21. 20. 19. 18. 17. 16. 15. 14. 13. 12. 11. 10.  9.
  8.  7.  6.  5.  4.  3.  2.  1.]
2018-06-07 10:57:20,627 INFO Random trials
2018-06-07 10:57:20,627 INFO Trial 4 : Episode finished after 13 timesteps
2018-06-07 10:57:20,627 INFO rewards_epidosde.shape(13, 1)
2018-06-07 10:57:20,627 INFO rewards_epidosde[13. 12. 11. 10.  9.  8.  7.  6.  5.  4.  3.  2.  1.]
2018-06-07 10:57:20,627 INFO Random trials
2018-06-07 10:57:20,627 INFO Trial 5 : Episode finished after 21 timesteps
2018-06-07 10:57:20,627 INFO rewards_epidosde.shape(21, 1)
2018-06-07 10:57:20,627 INFO rewards_epidosde[21. 20. 19. 18. 17. 16. 15. 14. 13. 12. 11. 10.  9.  8.  7.  6.  5.  4.
  3.  2.  1.]
2018-06-07 10:57:20,627 INFO Random trials
2018-06-07 10:57:20,627 INFO Trial 6 : Episode finished after 10 timesteps
2018-06-07 10:57:20,627 INFO rewards_epidosde.shape(10, 1)
2018-06-07 10:57:20,627 INFO rewards_epidosde[10.  9.  8.  7.  6.  5.  4.  3.  2.  1.]
2018-06-07 10:57:20,627 INFO Random trials
2018-06-07 10:57:20,627 INFO Trial 7 : Episode finished after 17 timesteps
2018-06-07 10:57:20,627 INFO rewards_epidosde.shape(17, 1)
2018-06-07 10:57:20,627 INFO rewards_epidosde[17. 16. 15. 14. 13. 12. 11. 10.  9.  8.  7.  6.  5.  4.  3.  2.  1.]
2018-06-07 10:57:20,627 INFO Random trials
2018-06-07 10:57:20,627 INFO Trial 8 : Episode finished after 65 timesteps
2018-06-07 10:57:20,627 INFO rewards_epidosde.shape(65, 1)
2018-06-07 10:57:20,627 INFO rewards_epidosde[65. 64. 63. 62. 61. 60. 59. 58. 57. 56. 55. 54. 53. 52. 51. 50. 49. 48.
 47. 46. 45. 44. 43. 42. 41. 40. 39. 38. 37. 36. 35. 34. 33. 32. 31. 30.
 29. 28. 27. 26. 25. 24. 23. 22. 21. 20. 19. 18. 17. 16. 15. 14. 13. 12.
 11. 10.  9.  8.  7.  6.  5.  4.  3.  2.  1.]
2018-06-07 10:57:20,627 INFO Random trials
2018-06-07 10:57:20,627 INFO Trial 9 : Episode finished after 13 timesteps
2018-06-07 10:57:20,627 INFO rewards_epidosde.shape(13, 1)
2018-06-07 10:57:20,627 INFO rewards_epidosde[13. 12. 11. 10.  9.  8.  7.  6.  5.  4.  3.  2.  1.]
2018-06-07 10:57:20,627 INFO Random trials
2018-06-07 10:57:20,627 INFO Trial 10 : Episode finished after 11 timesteps
2018-06-07 10:57:20,627 INFO rewards_epidosde.shape(11, 1)
2018-06-07 10:57:20,627 INFO rewards_epidosde[11. 10.  9.  8.  7.  6.  5.  4.  3.  2.  1.]
2018-06-07 10:57:20,627 INFO Random trials
2018-06-07 10:57:20,627 INFO Trial 11 : Episode finished after 17 timesteps
2018-06-07 10:57:20,627 INFO rewards_epidosde.shape(17, 1)
2018-06-07 10:57:20,627 INFO rewards_epidosde[17. 16. 15. 14. 13. 12. 11. 10.  9.  8.  7.  6.  5.  4.  3.  2.  1.]
2018-06-07 10:57:20,627 INFO Random trials
2018-06-07 10:57:20,627 INFO Trial 12 : Episode finished after 44 timesteps
2018-06-07 10:57:20,627 INFO rewards_epidosde.shape(44, 1)
2018-06-07 10:57:20,627 INFO rewards_epidosde[44. 43. 42. 41. 40. 39. 38. 37. 36. 35. 34. 33. 32. 31. 30. 29. 28. 27.
 26. 25. 24. 23. 22. 21. 20. 19. 18. 17. 16. 15. 14. 13. 12. 11. 10.  9.
  8.  7.  6.  5.  4.  3.  2.  1.]
2018-06-07 10:57:20,627 INFO Random trials
2018-06-07 10:57:20,627 INFO Trial 13 : Episode finished after 20 timesteps
2018-06-07 10:57:20,627 INFO rewards_epidosde.shape(20, 1)
2018-06-07 10:57:20,627 INFO rewards_epidosde[20. 19. 18. 17. 16. 15. 14. 13. 12. 11. 10.  9.  8.  7.  6.  5.  4.  3.
  2.  1.]
2018-06-07 10:57:20,627 INFO Random trials
2018-06-07 10:57:20,627 INFO Trial 14 : Episode finished after 30 timesteps
2018-06-07 10:57:20,627 INFO rewards_epidosde.shape(30, 1)
2018-06-07 10:57:20,627 INFO rewards_epidosde[30. 29. 28. 27. 26. 25. 24. 23. 22. 21. 20. 19. 18. 17. 16. 15. 14. 13.
 12. 11. 10.  9.  8.  7.  6.  5.  4.  3.  2.  1.]
2018-06-07 10:57:20,642 INFO Random trials
2018-06-07 10:57:20,642 INFO Trial 15 : Episode finished after 14 timesteps
2018-06-07 10:57:20,642 INFO rewards_epidosde.shape(14, 1)
2018-06-07 10:57:20,642 INFO rewards_epidosde[14. 13. 12. 11. 10.  9.  8.  7.  6.  5.  4.  3.  2.  1.]
2018-06-07 10:57:20,642 INFO Random trials
2018-06-07 10:57:20,642 INFO Trial 16 : Episode finished after 20 timesteps
2018-06-07 10:57:20,642 INFO rewards_epidosde.shape(20, 1)
2018-06-07 10:57:20,642 INFO rewards_epidosde[20. 19. 18. 17. 16. 15. 14. 13. 12. 11. 10.  9.  8.  7.  6.  5.  4.  3.
  2.  1.]
2018-06-07 10:57:20,642 INFO Random trials
2018-06-07 10:57:20,642 INFO Trial 17 : Episode finished after 20 timesteps
2018-06-07 10:57:20,642 INFO rewards_epidosde.shape(20, 1)
2018-06-07 10:57:20,642 INFO rewards_epidosde[20. 19. 18. 17. 16. 15. 14. 13. 12. 11. 10.  9.  8.  7.  6.  5.  4.  3.
  2.  1.]
2018-06-07 10:57:20,642 INFO Random trials
2018-06-07 10:57:20,642 INFO Trial 18 : Episode finished after 12 timesteps
2018-06-07 10:57:20,642 INFO rewards_epidosde.shape(12, 1)
2018-06-07 10:57:20,642 INFO rewards_epidosde[12. 11. 10.  9.  8.  7.  6.  5.  4.  3.  2.  1.]
2018-06-07 10:57:20,642 INFO Random trials
2018-06-07 10:57:20,642 INFO Trial 19 : Episode finished after 12 timesteps
2018-06-07 10:57:20,642 INFO rewards_epidosde.shape(12, 1)
2018-06-07 10:57:20,642 INFO rewards_epidosde[12. 11. 10.  9.  8.  7.  6.  5.  4.  3.  2.  1.]
2018-06-07 10:57:20,642 INFO Random trials
2018-06-07 10:57:20,642 INFO Trial 20 : Episode finished after 11 timesteps
2018-06-07 10:57:20,642 INFO rewards_epidosde.shape(11, 1)
2018-06-07 10:57:20,642 INFO rewards_epidosde[11. 10.  9.  8.  7.  6.  5.  4.  3.  2.  1.]
