2018-07-14 18:01:10,355 INFO ['Episode_no', 'Step_no', 'Old_State0', 'Old_State1', 'Old_State2', 'Old_State3', 'New_State0', 'New_State1', 'New_State2', 'New_State3', 'Action0', 'Action1', 'Reward']
2018-07-14 18:02:05,925 INFO [[ 0.          0.         -0.01663234  0.0034918  -0.04285655 -0.01356298
  -0.01656251 -0.19099016 -0.04312781  0.26529613  1.          0.
   1.        ]]
2018-07-14 18:02:05,934 INFO [[ 0.          1.         -0.01656251 -0.19099016 -0.04312781  0.26529613
  -0.02038231  0.00471996 -0.03782188 -0.04067172  0.          1.
   1.        ]]
2018-07-14 18:02:05,950 INFO [[ 0.          2.         -0.02038231  0.00471996 -0.03782188 -0.04067172
  -0.02028791 -0.1898398  -0.03863532  0.23984222  1.          0.
   1.        ]]
2018-07-14 18:02:05,966 INFO [[ 0.          3.         -0.02028791 -0.1898398  -0.03863532  0.23984222
  -0.02408471  0.00581216 -0.03383847 -0.06477267  0.          1.
   1.        ]]
2018-07-14 18:02:05,984 INFO [[ 0.          4.         -0.02408471  0.00581216 -0.03383847 -0.06477267
  -0.02396846 -0.1888087  -0.03513393  0.21704489  1.          0.
   1.        ]]
2018-07-14 18:02:06,002 INFO [[ 0.          5.         -0.02396846 -0.1888087  -0.03513393  0.21704489
  -0.02774464  0.00679743 -0.03079303 -0.08651049  0.          1.
   1.        ]]
2018-07-14 18:02:06,018 INFO [[ 0.          6.         -0.02774464  0.00679743 -0.03079303 -0.08651049
  -0.02760869 -0.1878699  -0.03252324  0.19630037  1.          0.
   1.        ]]
2018-07-14 18:02:06,034 INFO [[ 0.          7.         -0.02760869 -0.1878699  -0.03252324  0.19630037
  -0.03136609  0.0077018  -0.02859723 -0.10646219  0.          1.
   1.        ]]
2018-07-14 18:02:06,049 INFO [[ 0.00000000e+00  8.00000000e+00 -3.13660872e-02  7.70179543e-03
  -2.85972326e-02 -1.06462189e-01 -3.12120513e-02 -1.86998922e-01
  -3.07264763e-02  1.77063035e-01  1.00000000e+00  0.00000000e+00
   1.00000000e+00]]
2018-07-14 18:02:06,066 INFO [[ 0.00000000e+00  9.00000000e+00 -3.12120513e-02 -1.86998922e-01
  -3.07264763e-02  1.77063035e-01 -3.49520297e-02  8.54897053e-03
  -2.71852156e-02 -1.25152513e-01  0.00000000e+00  1.00000000e+00
   1.00000000e+00]]
2018-07-14 18:02:06,083 INFO [[ 0.00000000e+00  1.00000000e+01 -3.49520297e-02  8.54897053e-03
  -2.71852156e-02 -1.25152513e-01 -3.47810503e-02 -1.86173185e-01
  -2.96882659e-02  1.58831329e-01  1.00000000e+00  0.00000000e+00
   1.00000000e+00]]
2018-07-14 18:02:06,099 INFO [[ 0.00000000e+00  1.10000000e+01 -3.47810503e-02 -1.86173185e-01
  -2.96882659e-02  1.58831329e-01 -3.85045140e-02  9.36095178e-03
  -2.65116393e-02 -1.43067697e-01  0.00000000e+00  1.00000000e+00
   1.00000000e+00]]
2018-07-14 18:02:06,115 INFO [[ 0.00000000e+00  1.20000000e+01 -3.85045140e-02  9.36095178e-03
  -2.65116393e-02 -1.43067697e-01 -3.83172950e-02 -1.85371479e-01
  -2.93729933e-02  1.41134792e-01  1.00000000e+00  0.00000000e+00
   1.00000000e+00]]
2018-07-14 18:02:06,132 INFO [[ 0.00000000e+00  1.30000000e+01 -3.83172950e-02 -1.85371479e-01
  -2.93729933e-02  1.41134792e-01 -4.20247245e-02  1.01585711e-02
  -2.65502974e-02 -1.60668187e-01  0.00000000e+00  1.00000000e+00
   1.00000000e+00]]
2018-07-14 18:02:06,148 INFO [[ 0.00000000e+00  1.40000000e+01 -4.20247245e-02  1.01585711e-02
  -2.65502974e-02 -1.60668187e-01 -4.18215531e-02 -1.84573416e-01
  -2.97636612e-02  1.23521977e-01  1.00000000e+00  0.00000000e+00
   1.00000000e+00]]
2018-07-14 18:02:06,166 INFO [[ 0.00000000e+00  1.50000000e+01 -4.18215531e-02 -1.84573416e-01
  -2.97636612e-02  1.23521977e-01 -4.55130214e-02  1.09620241e-02
  -2.72932216e-02 -1.78400502e-01  0.00000000e+00  1.00000000e+00
   1.00000000e+00]]
2018-07-14 18:02:06,182 INFO [[ 0.00000000e+00  1.60000000e+01 -4.55130214e-02  1.09620241e-02
  -2.72932216e-02 -1.78400502e-01 -4.52937809e-02 -1.83758933e-01
  -3.08612317e-02  1.05548941e-01  1.00000000e+00  0.00000000e+00
   1.00000000e+00]]
2018-07-14 18:02:06,197 INFO [[ 0.00000000e+00  1.70000000e+01 -4.52937809e-02 -1.83758933e-01
  -3.08612317e-02  1.05548941e-01 -4.89689596e-02  1.17913735e-02
  -2.87502528e-02 -1.96708608e-01  0.00000000e+00  1.00000000e+00
   1.00000000e+00]]
2018-07-14 18:02:06,216 INFO [[ 0.00000000e+00  1.80000000e+01 -4.89689596e-02  1.17913735e-02
  -2.87502528e-02 -1.96708608e-01 -4.87331321e-02 -1.82907797e-01
  -3.26844250e-02  8.67680457e-02  1.00000000e+00  0.00000000e+00
   1.00000000e+00]]
2018-07-14 18:02:06,232 INFO [[ 0.00000000e+00  1.90000000e+01 -4.87331321e-02 -1.82907797e-01
  -3.26844250e-02  8.67680457e-02 -5.23912881e-02  1.26670410e-02
  -3.09490641e-02 -2.16045040e-01  0.00000000e+00  1.00000000e+00
   1.00000000e+00]]
2018-07-14 18:02:06,248 INFO [[ 0.00000000e+00  2.00000000e+01 -5.23912881e-02  1.26670410e-02
  -3.09490641e-02 -2.16045040e-01 -5.21379473e-02 -1.81999109e-01
  -3.52699649e-02  6.67167784e-02  1.00000000e+00  0.00000000e+00
   1.00000000e+00]]
2018-07-14 18:02:06,265 INFO [[ 0.00000000e+00  2.10000000e+01 -5.21379473e-02 -1.81999109e-01
  -3.52699649e-02  6.67167784e-02 -5.57779294e-02  1.36102955e-02
  -3.39356293e-02 -2.36882068e-01  0.00000000e+00  1.00000000e+00
   1.00000000e+00]]
2018-07-14 18:02:06,281 INFO [[ 0.00000000e+00  2.20000000e+01 -5.57779294e-02  1.36102955e-02
  -3.39356293e-02 -2.36882068e-01 -5.55057235e-02 -1.81010807e-01
  -3.86732707e-02  4.49063434e-02  1.00000000e+00  0.00000000e+00
   1.00000000e+00]]
2018-07-14 18:02:06,297 INFO [[ 0.00000000e+00  2.30000000e+01 -5.55057235e-02 -1.81010807e-01
  -3.86732707e-02  4.49063434e-02 -5.91259397e-02  1.46437460e-02
  -3.77751438e-02 -2.59723152e-01  0.00000000e+00  1.00000000e+00
   1.00000000e+00]]
2018-07-14 18:02:06,314 INFO [[ 0.00000000e+00  2.40000000e+01 -5.91259397e-02  1.46437460e-02
  -3.77751438e-02 -2.59723152e-01 -5.88330647e-02 -1.79919150e-01
  -4.29696068e-02  2.08097406e-02  1.00000000e+00  0.00000000e+00
   1.00000000e+00]]
2018-07-14 18:02:06,331 INFO [[ 0.00000000e+00  2.50000000e+01 -5.88330647e-02 -1.79919150e-01
  -4.29696068e-02  2.08097406e-02 -6.24314477e-02  1.57918473e-02
  -4.25534120e-02 -2.85114955e-01  0.00000000e+00  1.00000000e+00
   1.00000000e+00]]
2018-07-14 18:02:06,348 INFO [[ 0.00000000e+00  2.60000000e+01 -6.24314477e-02  1.57918473e-02
  -4.25534120e-02 -2.85114955e-01 -6.21156108e-02 -1.78698182e-01
  -4.82557111e-02 -6.15093499e-03  1.00000000e+00  0.00000000e+00
   1.00000000e+00]]
2018-07-14 18:02:06,365 INFO [[ 0.00000000e+00  2.70000000e+01 -6.21156108e-02 -1.78698182e-01
  -4.82557111e-02 -6.15093499e-03 -6.56895744e-02  1.70814186e-02
  -4.83787298e-02 -3.13660155e-01  0.00000000e+00  1.00000000e+00
   1.00000000e+00]]
2018-07-14 18:02:06,381 INFO [[ 0.00000000e+00  2.80000000e+01 -6.56895744e-02  1.70814186e-02
  -4.83787298e-02 -3.13660155e-01 -6.53479461e-02 -1.77319168e-01
  -5.46519329e-02 -3.66182531e-02  1.00000000e+00  0.00000000e+00
   1.00000000e+00]]
2018-07-14 18:02:06,398 INFO [[ 0.00000000e+00  2.90000000e+01 -6.53479461e-02 -1.77319168e-01
  -5.46519329e-02 -3.66182531e-02 -6.88943294e-02  1.85421777e-02
  -5.53842980e-02 -3.46031298e-01  0.00000000e+00  1.00000000e+00
   1.00000000e+00]]
2018-07-14 18:02:06,414 INFO [[ 0.00000000e+00  3.00000000e+01 -6.88943294e-02  1.85421777e-02
  -5.53842980e-02 -3.46031298e-01 -6.85234859e-02 -1.75750008e-01
  -6.23049240e-02 -7.13145477e-02  1.00000000e+00  0.00000000e+00
   1.00000000e+00]]
2018-07-14 18:02:06,431 INFO [[ 0.00000000e+00  3.10000000e+01 -6.85234859e-02 -1.75750008e-01
  -6.23049240e-02 -7.13145477e-02 -7.20384860e-02  2.02072793e-02
  -6.37312149e-02 -3.82985947e-01  0.00000000e+00  1.00000000e+00
   1.00000000e+00]]
2018-07-14 18:02:06,449 INFO [[ 0.00000000e+00  3.20000000e+01 -7.20384860e-02  2.02072793e-02
  -6.37312149e-02 -3.82985947e-01 -7.16343404e-02 -1.73954634e-01
  -7.13909338e-02 -1.11058638e-01  1.00000000e+00  0.00000000e+00
   1.00000000e+00]]
2018-07-14 18:02:06,465 INFO [[ 0.         33.         -0.07163434 -0.17395463 -0.07139093 -0.11105864
  -0.07511343 -0.36798483 -0.07361211  0.15827418  1.          0.
   1.        ]]
2018-07-14 18:02:06,482 INFO [[ 0.         34.         -0.07511343 -0.36798483 -0.07361211  0.15827418
  -0.08247313 -0.17189039 -0.07044662 -0.15669332  0.          1.
   1.        ]]
2018-07-14 18:02:06,498 INFO [[ 0.         35.         -0.08247313 -0.17189039 -0.07044662 -0.15669332
  -0.08591094 -0.36593671 -0.07358049  0.11296004  1.          0.
   1.        ]]
2018-07-14 18:02:06,515 INFO [[ 0.         36.         -0.08591094 -0.36593671 -0.07358049  0.11296004
  -0.09322967 -0.16984177 -0.07132129 -0.20199963  0.          1.
   1.        ]]
2018-07-14 18:02:06,534 INFO [[ 0.         37.         -0.09322967 -0.16984177 -0.07132129 -0.20199963
  -0.09662651 -0.36387508 -0.07536128  0.06735971  1.          0.
   1.        ]]
2018-07-14 18:02:06,550 INFO [[ 0.         38.         -0.09662651 -0.36387508 -0.07536128  0.06735971
  -0.10390401 -0.1677581  -0.07401409 -0.24811604  0.          1.
   1.        ]]
2018-07-14 18:02:06,566 INFO [[ 0.00000000e+00  3.90000000e+01 -1.03904009e-01 -1.67758102e-01
  -7.40140868e-02 -2.48116040e-01 -1.07259171e-01 -3.61749280e-01
  -7.89764076e-02  2.03337855e-02  1.00000000e+00  0.00000000e+00
   1.00000000e+00]]
2018-07-14 18:02:06,582 INFO [[ 0.00000000e+00  4.00000000e+01 -1.07259171e-01 -3.61749280e-01
  -7.89764076e-02  2.03337855e-02 -1.14494157e-01 -1.65588766e-01
  -7.85697319e-02 -2.96184766e-01  0.00000000e+00  1.00000000e+00
   1.00000000e+00]]
2018-07-14 18:02:06,600 INFO [[ 0.00000000e+00  4.10000000e+01 -1.14494157e-01 -1.65588766e-01
  -7.85697319e-02 -2.96184766e-01 -1.17805932e-01 -3.59507849e-01
  -8.44934272e-02 -2.92792490e-02  1.00000000e+00  0.00000000e+00
   1.00000000e+00]]
2018-07-14 18:02:06,616 INFO [[ 0.00000000e+00  4.20000000e+01 -1.17805932e-01 -3.59507849e-01
  -8.44934272e-02 -2.92792490e-02 -1.24996089e-01 -1.63282227e-01
  -8.50790122e-02 -3.47379165e-01  0.00000000e+00  1.00000000e+00
   1.00000000e+00]]
2018-07-14 18:02:06,632 INFO [[ 0.         43.         -0.12499609 -0.16328223 -0.08507901 -0.34737916
  -0.12826173 -0.3570975  -0.0920266  -0.08269088  1.          0.
   1.        ]]
2018-07-14 18:02:06,649 INFO [[ 0.         44.         -0.12826173 -0.3570975  -0.0920266  -0.08269088
  -0.13540368 -0.16078511 -0.09368041 -0.40293107  0.          1.
   1.        ]]
2018-07-14 18:02:06,664 INFO [[ 0.         45.         -0.13540368 -0.16078511 -0.09368041 -0.40293107
  -0.13861939 -0.35446221 -0.10173903 -0.14119106  1.          0.
   1.        ]]
2018-07-14 18:02:06,681 INFO [[ 0.         46.         -0.13861939 -0.35446221 -0.10173903 -0.14119106
  -0.14570863 -0.15804144 -0.10456286 -0.46415838  0.          1.
   1.        ]]
2018-07-14 18:02:06,698 INFO [[ 0.         47.         -0.14570863 -0.15804144 -0.10456286 -0.46415838
  -0.14886946 -0.35154242 -0.11384602 -0.20617769  1.          0.
   1.        ]]
2018-07-14 18:02:06,714 INFO [[ 0.         48.         -0.14886946 -0.35154242 -0.11384602 -0.20617769
  -0.15590031 -0.15499212 -0.11796958 -0.53249306  0.          1.
   1.        ]]
2018-07-14 18:02:06,731 INFO [[ 0.         49.         -0.15590031 -0.15499212 -0.11796958 -0.53249306
  -0.15900015 -0.34827452 -0.12861944 -0.27918719  1.          0.
   1.        ]]
2018-07-14 18:02:06,748 INFO [[ 0.00000000e+00  5.00000000e+01 -1.59000149e-01 -3.48274523e-01
  -1.28619438e-01 -2.79187194e-01 -1.65965640e-01 -5.41349489e-01
  -1.34203182e-01 -2.96769086e-02  1.00000000e+00  0.00000000e+00
   1.00000000e+00]]
2018-07-14 18:02:06,764 INFO [[ 0.00000000e+00  5.10000000e+01 -1.65965640e-01 -5.41349489e-01
  -1.34203182e-01 -2.96769086e-02 -1.76792630e-01 -3.44583762e-01
  -1.34796720e-01 -3.61509006e-01  0.00000000e+00  1.00000000e+00
   1.00000000e+00]]
2018-07-14 18:02:06,781 INFO [[ 0.         52.         -0.17679263 -0.34458376 -0.13479672 -0.36150901
  -0.1836843  -0.53755798 -0.1420269  -0.1141838   1.          0.
   1.        ]]
2018-07-14 18:02:06,798 INFO [[ 0.         53.         -0.1836843  -0.53755798 -0.1420269  -0.1141838
  -0.19443546 -0.34071683 -0.14431058 -0.44808825  0.          1.
   1.        ]]
2018-07-14 18:02:06,815 INFO [[ 0.         54.         -0.19443546 -0.34071683 -0.14431058 -0.44808825
  -0.2012498  -0.53353415 -0.15327234 -0.20414889  1.          0.
   1.        ]]
2018-07-14 18:02:06,831 INFO [[ 0.         55.         -0.2012498  -0.53353415 -0.15327234 -0.20414889
  -0.21192048 -0.33659042 -0.15735532 -0.5409871   0.          1.
   1.        ]]
2018-07-14 18:02:06,849 INFO [[ 0.         56.         -0.21192048 -0.33659042 -0.15735532 -0.5409871
  -0.21865229 -0.5291914  -0.16817506 -0.30172674  1.          0.
   1.        ]]
2018-07-14 18:02:06,865 INFO [[ 0.         57.         -0.21865229 -0.5291914  -0.16817506 -0.30172674
  -0.22923612 -0.33212166 -0.1742096  -0.64237165  0.          1.
   1.        ]]
2018-07-14 18:02:06,881 INFO [[ 0.         58.         -0.22923612 -0.33212166 -0.1742096  -0.64237165
  -0.23587855 -0.52444244 -0.18705703 -0.40921593  1.          0.
   1.        ]]
2018-07-14 18:02:06,899 INFO [[ 0.         59.         -0.23587855 -0.52444244 -0.18705703 -0.40921593
  -0.2463674  -0.71648826 -0.19524135 -0.18084694  1.          0.
   1.        ]]
2018-07-14 18:02:06,915 INFO [[ 0.         60.         -0.2463674  -0.71648826 -0.19524135 -0.18084694
  -0.26069717 -0.51918643 -0.19885829 -0.52821382  0.          1.
   1.        ]]
2018-07-14 18:02:06,934 INFO [[ 0.         61.         -0.26069717 -0.51918643 -0.19885829 -0.52821382
  -0.2710809  -0.71103699 -0.20942256 -0.30418902  1.          0.
   1.        ]]
2018-07-14 18:02:06,952 INFO [[ 0.         62.         -0.2710809  -0.71103699 -0.20942256 -0.30418902
  -0.28530164 -0.51364168 -0.21550634 -0.65493384  0.          1.
   0.        ]]
